Update Managed Component C1 From CMP-2000-05002-2[CC0603KRX7R7BB104] To CMP-2000-05002-2[CC0603KRX7R7BB104] in mcu.SchDoc
Update Managed Component C2 From CMP-2000-05002-2[CC0603KRX7R7BB104] To CMP-2000-05002-2[CC0603KRX7R7BB104] in mcu.SchDoc
Update Managed Component C3 From CMP-2000-05002-2[CC0603KRX7R7BB104] To CMP-2000-05002-2[CC0603KRX7R7BB104] in mcu.SchDoc
Update Managed Component C4 From CMP-2000-05002-2[CC0603KRX7R7BB104] To CMP-2000-05002-2[CC0603KRX7R7BB104] in mcu.SchDoc
Update Managed Component C5 From CMP-2000-05002-2[CC0603KRX7R7BB104] To CMP-2000-05002-2[CC0603KRX7R7BB104] in mcu.SchDoc
Update Managed Component C6 From CMP-2000-05002-2[CC0603KRX7R7BB104] To CMP-2000-05002-2[CC0603KRX7R7BB104] in mcu.SchDoc
Update Managed Component C7 From CMP-2000-05002-2[CC0603KRX7R7BB104] To CMP-2000-05002-2[CC0603KRX7R7BB104] in mcu.SchDoc
Update Managed Component C8 From CMP-2000-05002-2[CC0603KRX7R7BB104] To CMP-2000-05002-2[CC0603KRX7R7BB104] in mcu.SchDoc
Update Managed Component C9 From CMP-2000-06094-2[CL10B105KP8NNNC] To CMP-2000-06094-2[CL10B105KP8NNNC] in mcu.SchDoc
Update Managed Component C10 From CMP-2000-06094-2[CL10B105KP8NNNC] To CMP-2000-06094-2[CL10B105KP8NNNC] in mcu.SchDoc
Update Managed Component C11 From CMP-2000-05002-2[CC0603KRX7R7BB104] To CMP-2000-05002-2[CC0603KRX7R7BB104] in mcu.SchDoc
Update Managed Component C12 From CMP-2000-05002-2[CC0603KRX7R7BB104] To CMP-2000-05002-2[CC0603KRX7R7BB104] in mcu.SchDoc
Update Managed Component C13 From CMP-2000-05002-2[CC0603KRX7R7BB104] To CMP-2000-05002-2[CC0603KRX7R7BB104] in mcu.SchDoc
Update Managed Component C14 From CMP-2008-03803-2[GJM1555C1H150GB01D] To CMP-2008-03803-2[GJM1555C1H150GB01D] in mcu.SchDoc
Update Managed Component C15 From CMP-2008-03803-2[GJM1555C1H150GB01D] To CMP-2008-03803-2[GJM1555C1H150GB01D] in mcu.SchDoc
Update Managed Component D1 From CMP-53976-000002-1[CMD15-21VRD/TR8] To CMP-53976-000002-1[CMD15-21VRD/TR8] in mcu.SchDoc
Replace Part J4 3 Pin in C:\Users\elias\Desktop\fydp\fydp_proto1\mcu.SchDoc with 3 Pin from Celestial Altium Library - altium_library.DbLib
Replace Part J5 3 Pin in C:\Users\elias\Desktop\fydp\fydp_proto1\mcu.SchDoc with 3 Pin from Celestial Altium Library - altium_library.DbLib
Update Managed Component R3 From CMP-1659-00009-5[RC0603FR-071KL] To CMP-1659-00009-5[RC0603FR-071KL] in mcu.SchDoc
Update Managed Component R4 From CMP-1011-00036-2[RC0402JR-0727RL] To CMP-1011-00036-2[RC0402JR-0727RL] in mcu.SchDoc
Update Managed Component R5 From CMP-1011-00036-2[RC0402JR-0727RL] To CMP-1011-00036-2[RC0402JR-0727RL] in mcu.SchDoc
Update Managed Component R6 From CMP-03412-023045-1[RT0402BRD07200RL] To CMP-03412-023045-1[RT0402BRD07200RL] in mcu.SchDoc
Update Managed Component R7 From CMP-1659-00009-5[RC0603FR-071KL] To CMP-1659-00009-5[RC0603FR-071KL] in mcu.SchDoc
Update Managed Component R8 From CMP-2000-06942-1[RC0603FR-074K7L] To CMP-2000-06942-1[RC0603FR-074K7L] in mcu.SchDoc
Update Managed Component R9 From CMP-2000-06942-1[RC0603FR-074K7L] To CMP-2000-06942-1[RC0603FR-074K7L] in mcu.SchDoc
Update Managed Component R10 From CMP-1659-00009-5[RC0603FR-071KL] To CMP-1659-00009-5[RC0603FR-071KL] in mcu.SchDoc
Replace Part S1 SPST-NO 4 PIN in C:\Users\elias\Desktop\fydp\fydp_proto1\mcu.SchDoc with SPST-NO 4 PIN from Celestial Altium Library - altium_library.DbLib
Replace Part S2 SPST-NO 4 PIN in C:\Users\elias\Desktop\fydp\fydp_proto1\mcu.SchDoc with SPST-NO 4 PIN from Celestial Altium Library - altium_library.DbLib
Replace Part TP1 Test Point in C:\Users\elias\Desktop\fydp\fydp_proto1\mcu.SchDoc with Test Point from fydp.IntLib
Replace Part TP2 Test Point in C:\Users\elias\Desktop\fydp\fydp_proto1\mcu.SchDoc with Test Point from fydp.IntLib
Replace Part TP3 Test Point in C:\Users\elias\Desktop\fydp\fydp_proto1\mcu.SchDoc with Test Point from fydp.IntLib
Replace Part U1 rp2040 in C:\Users\elias\Desktop\fydp\fydp_proto1\mcu.SchDoc with rp2040 from fydp.IntLib
Replace Part U2 W25Q128JVSIQ in C:\Users\elias\Desktop\fydp\fydp_proto1\mcu.SchDoc with W25Q128JVSIQ from fydp.IntLib
Update Managed Component U3 From CMP-04948-000007-1[HDC2010YPAR] To CMP-04948-000007-1[HDC2010YPAR] in mcu.SchDoc
Replace Part X1 ABM8-272-T3 in C:\Users\elias\Desktop\fydp\fydp_proto1\mcu.SchDoc with ABM8-272-T3 from fydp.IntLib
