Change Component Designator: Old Designator=C44 New Designator=C52
Change Component Designator: Old Designator=C48 New Designator=C56
Change Component Designator: Old Designator=C49 New Designator=C57
Change Component Designator: Old Designator=C? New Designator=C47
Change Component Designator: Old Designator=C? New Designator=C48
Change Component Designator: Old Designator=C? New Designator=C49
Change Component Designator: Old Designator=C? New Designator=C50
Change Component Designator: Old Designator=C? New Designator=C51
Change Component Designator: Old Designator=C? New Designator=C53
Change Component Designator: Old Designator=C? New Designator=C54
Change Component Designator: Old Designator=C? New Designator=C55
Change Component Designator: Old Designator=C? New Designator=C58
Change Component Designator: Old Designator=C? New Designator=C59
Change Component Designator: Old Designator=C? New Designator=C60
Change Component Designator: Old Designator=L? New Designator=L2
Change Component Designator: Old Designator=L? New Designator=L3
Change Component Designator: Old Designator=L? New Designator=L4
Change Component Designator: Old Designator=L? New Designator=L5
Change Component Designator: Old Designator=R21 New Designator=R23
Change Component Designator: Old Designator=R? New Designator=R22
Change Component Designator: Old Designator=R? New Designator=R24
Change Component Designator: Old Designator=TP? New Designator=TP12
Change Component Designator: Old Designator=TP? New Designator=TP13
Change Component Designator: Old Designator=U7 New Designator=U10
Change Component Designator: Old Designator=U8 New Designator=U9
Change Component Designator: Old Designator=U8 New Designator=U9
