Update Managed Component C16 From CMP-13271-000548-1[CL05A475MP5NRNC] To CMP-13271-000548-1[CL05A475MP5NRNC] in power.SchDoc
Update Managed Component C17 From CMP-06035-026070-1[GRM155R61A106ME11D] To CMP-06035-026070-1[GRM155R61A106ME11D] in power.SchDoc
Update Managed Component C18 From CMP-2000-06337-3[GRM188R61A226ME15D] To CMP-2000-06337-3[GRM188R61A226ME15D] in power.SchDoc
Update Managed Component C19 From CMP-2000-06094-2[CL10B105KP8NNNC] To CMP-2000-06094-2[CL10B105KP8NNNC] in power.SchDoc
Update Managed Component C20 From CMP-06035-026070-1[GRM155R61A106ME11D] To CMP-06035-026070-1[GRM155R61A106ME11D] in power.SchDoc
Update Managed Component C21 From CMP-06035-026070-1[GRM155R61A106ME11D] To CMP-06035-026070-1[GRM155R61A106ME11D] in power.SchDoc
Update Managed Component C22 From CMP-06035-026070-1[GRM155R61A106ME11D] To CMP-06035-026070-1[GRM155R61A106ME11D] in power.SchDoc
Update Managed Component C23 From CMP-06035-026070-1[GRM155R61A106ME11D] To CMP-06035-026070-1[GRM155R61A106ME11D] in power.SchDoc
Update Managed Component D2 From CMP-53976-000002-1[CMD15-21VRD/TR8] To CMP-53976-000002-1[CMD15-21VRD/TR8] in power.SchDoc
Update Managed Component D3 From CMP-53976-000002-1[CMD15-21VRD/TR8] To CMP-53976-000002-1[CMD15-21VRD/TR8] in power.SchDoc
Update Managed Component D4 From CMP-53976-000002-1[CMD15-21VRD/TR8] To CMP-53976-000002-1[CMD15-21VRD/TR8] in power.SchDoc
Update Managed Component D5 From CMP-53976-000002-1[CMD15-21VRD/TR8] To CMP-53976-000002-1[CMD15-21VRD/TR8] in power.SchDoc
Update Managed Component L1 From CMP-06042-017027-1[LQM21PN1R0NGRD] To CMP-06042-017027-1[LQM21PN1R0NGRD] in power.SchDoc
Update Managed Component R11 From CMP-1659-00056-1[RC0603FR-071ML] To CMP-1659-00056-1[RC0603FR-071ML] in power.SchDoc
Update Managed Component R12 From CMP-03412-023045-1[RT0402BRD07200RL] To CMP-03412-023045-1[RT0402BRD07200RL] in power.SchDoc
Update Managed Component R13 From CMP-1659-00056-1[RC0603FR-071ML] To CMP-1659-00056-1[RC0603FR-071ML] in power.SchDoc
Update Managed Component R14 From CMP-03412-025742-1[RT0402BRD07200KL] To CMP-03412-025742-1[RT0402BRD07200KL] in power.SchDoc
Update Managed Component R15 From CMP-03412-023045-1[RT0402BRD07200RL] To CMP-03412-023045-1[RT0402BRD07200RL] in power.SchDoc
Update Managed Component R16 From CMP-03412-023045-1[RT0402BRD07200RL] To CMP-03412-023045-1[RT0402BRD07200RL] in power.SchDoc
Update Managed Component R17 From CMP-03412-023045-1[RT0402BRD07200RL] To CMP-03412-023045-1[RT0402BRD07200RL] in power.SchDoc
Replace Part TP4 Test Point in C:\Users\elias\Desktop\fydp\fydp_proto1\power.SchDoc with Test Point from fydp.IntLib
Replace Part TP5 Test Point in C:\Users\elias\Desktop\fydp\fydp_proto1\power.SchDoc with Test Point from fydp.IntLib
Replace Part TP6 Test Point in C:\Users\elias\Desktop\fydp\fydp_proto1\power.SchDoc with Test Point from fydp.IntLib
Replace Part TP7 Test Point in C:\Users\elias\Desktop\fydp\fydp_proto1\power.SchDoc with Test Point from fydp.IntLib
Replace Part TP8 Test Point in C:\Users\elias\Desktop\fydp\fydp_proto1\power.SchDoc with Test Point from fydp.IntLib
Replace Part TP9 Test Point in C:\Users\elias\Desktop\fydp\fydp_proto1\power.SchDoc with Test Point from fydp.IntLib
Update Managed Component U4 From CMP-06325-000025-1[MIC2876-AYMT-TR] To CMP-06325-000025-1[MIC2876-AYMT-TR] in power.SchDoc
Replace Part U5 AP7375-50W5-7 in C:\Users\elias\Desktop\fydp\fydp_proto1\power.SchDoc with AP7375-50W5-7 from fydp.IntLib
Update Managed Component U6 From CMP-04917-000053-1[TLV73333PDBVR] To CMP-04917-000053-1[TLV73333PDBVR] in power.SchDoc
Update Managed Component U7 From CMP-04917-000053-1[TLV73333PDBVR] To CMP-04917-000053-1[TLV73333PDBVR] in power.SchDoc
